\BOOKMARK [1][-]{section.1}{Introduction}{}% 1
\BOOKMARK [2][-]{subsection.1.1}{Report Layout}{section.1}% 2
\BOOKMARK [1][-]{section.2}{Description of Data}{}% 3
\BOOKMARK [2][-]{subsection.2.1}{Longline Fishery Data}{section.2}% 4
\BOOKMARK [2][-]{subsection.2.2}{Purse Seine data}{section.2}% 5
\BOOKMARK [1][-]{section.3}{Description of Indicator Analyses}{}% 6
\BOOKMARK [2][-]{subsection.3.1}{Distribution Indicators}{section.3}% 7
\BOOKMARK [3][-]{subsubsection.3.1.1}{Methods}{subsection.3.1}% 8
\BOOKMARK [3][-]{subsubsection.3.1.2}{Results}{subsection.3.1}% 9
\BOOKMARK [3][-]{subsubsection.3.1.3}{Conclusions}{subsection.3.1}% 10
\BOOKMARK [2][-]{subsection.3.2}{Observed Species Composition Indicator Analyses}{section.3}% 11
\BOOKMARK [3][-]{subsubsection.3.2.1}{Conclusions}{subsection.3.2}% 12
\BOOKMARK [2][-]{subsection.3.3}{Catch Per Unit Effort indicator analyses}{section.3}% 13
\BOOKMARK [3][-]{subsubsection.3.3.1}{Methods}{subsection.3.3}% 14
\BOOKMARK [3][-]{subsubsection.3.3.2}{Results}{subsection.3.3}% 15
\BOOKMARK [3][-]{subsubsection.3.3.3}{Conclusions}{subsection.3.3}% 16
\BOOKMARK [2][-]{subsection.3.4}{Biological indicator analyses}{section.3}% 17
\BOOKMARK [3][-]{subsubsection.3.4.1}{Methods}{subsection.3.4}% 18
\BOOKMARK [3][-]{subsubsection.3.4.2}{Results}{subsection.3.4}% 19
\BOOKMARK [3][-]{subsubsection.3.4.3}{Conclusions}{subsection.3.4}% 20
\BOOKMARK [1][-]{section.4}{Feasibility of Stock Assessments}{}% 21
\BOOKMARK [1][-]{section.5}{Impact of Recent Shark Management Measures}{}% 22
\BOOKMARK [1][-]{section.6}{Recommendations for Future Indicator Work}{}% 23
\BOOKMARK [1][-]{section.7}{Management Implications}{}% 24
\BOOKMARK [1][-]{appendix.A}{CPUE Indicators. Model diagnostics and extra plots}{}% 25
\BOOKMARK [2][-]{subsection.A.1}{Longline Fishery Data}{appendix.A}% 26
\BOOKMARK [1][-]{appendix.B}{Distribution Indicator Analyses}{}% 27
\BOOKMARK [2][-]{subsection.B.1}{Introduction}{appendix.B}% 28
\BOOKMARK [2][-]{subsection.B.2}{Methods}{appendix.B}% 29
\BOOKMARK [2][-]{subsection.B.3}{Results}{appendix.B}% 30
\BOOKMARK [3][-]{subsubsection.B.3.1}{Blue Shark}{subsection.B.3}% 31
\BOOKMARK [3][-]{subsubsection.B.3.2}{Mako Shark}{subsection.B.3}% 32
\BOOKMARK [3][-]{subsubsection.B.3.3}{Silky Shark}{subsection.B.3}% 33
\BOOKMARK [3][-]{subsubsection.B.3.4}{Oceanic Whitetip Shark}{subsection.B.3}% 34
\BOOKMARK [3][-]{subsubsection.B.3.5}{Thresher Shark}{subsection.B.3}% 35
\BOOKMARK [3][-]{subsubsection.B.3.6}{Hammerhead Shark}{subsection.B.3}% 36
\BOOKMARK [3][-]{subsubsection.B.3.7}{Porbeagle Shark}{subsection.B.3}% 37
\BOOKMARK [2][-]{subsection.B.4}{Conclusions}{appendix.B}% 38
\BOOKMARK [1][-]{appendix.C}{Observed Species Composition Indicator Analyses}{}% 39
\BOOKMARK [2][-]{subsection.C.1}{Introduction}{appendix.C}% 40
\BOOKMARK [2][-]{subsection.C.2}{Methods}{appendix.C}% 41
\BOOKMARK [2][-]{subsection.C.3}{Results}{appendix.C}% 42
\BOOKMARK [2][-]{subsection.C.4}{Conclusions}{appendix.C}% 43
\BOOKMARK [1][-]{appendix.D}{Catch Per Unit Effort indicator analyses}{}% 44
\BOOKMARK [2][-]{subsection.D.1}{Results}{appendix.D}% 45
\BOOKMARK [3][-]{subsubsection.D.1.1}{Blue Shark}{subsection.D.1}% 46
\BOOKMARK [3][-]{subsubsection.D.1.2}{Mako Shark}{subsection.D.1}% 47
\BOOKMARK [3][-]{subsubsection.D.1.3}{Silky Shark}{subsection.D.1}% 48
\BOOKMARK [3][-]{subsubsection.D.1.4}{Oceanic Whitetip Shark}{subsection.D.1}% 49
\BOOKMARK [3][-]{subsubsection.D.1.5}{Thresher Shark}{subsection.D.1}% 50
\BOOKMARK [3][-]{subsubsection.D.1.6}{Hammerhead Shark}{subsection.D.1}% 51
\BOOKMARK [3][-]{subsubsection.D.1.7}{Hammerhead Shark}{subsection.D.1}% 52
\BOOKMARK [1][-]{appendix.E}{Biological indicator analyses}{}% 53
\BOOKMARK [2][-]{subsubsection.E.0.8}{Species Distribution Maps}{appendix.E}% 54
