\BOOKMARK [1][-]{section.1}{Introduction}{}% 1
\BOOKMARK [2][-]{subsection.1.1}{Report layout}{section.1}% 2
\BOOKMARK [1][-]{section.2}{Description of Data}{}% 3
\BOOKMARK [2][-]{subsection.2.1}{Longline Fishery Data}{section.2}% 4
\BOOKMARK [2][-]{subsection.2.2}{Purse Seine data}{section.2}% 5
\BOOKMARK [1][-]{section.3}{Distribution Indicator Analyses}{}% 6
\BOOKMARK [2][-]{subsection.3.1}{Introduction}{section.3}% 7
\BOOKMARK [2][-]{subsection.3.2}{Methods}{section.3}% 8
\BOOKMARK [2][-]{subsection.3.3}{Results}{section.3}% 9
\BOOKMARK [3][-]{subsubsection.3.3.1}{Blue Shark}{subsection.3.3}% 10
\BOOKMARK [3][-]{subsubsection.3.3.2}{Mako Shark}{subsection.3.3}% 11
\BOOKMARK [3][-]{subsubsection.3.3.3}{Silky Shark}{subsection.3.3}% 12
\BOOKMARK [3][-]{subsubsection.3.3.4}{Oceanic Whitetip Shark}{subsection.3.3}% 13
\BOOKMARK [3][-]{subsubsection.3.3.5}{Thresher Shark}{subsection.3.3}% 14
\BOOKMARK [3][-]{subsubsection.3.3.6}{Hammerhead Shark}{subsection.3.3}% 15
\BOOKMARK [3][-]{subsubsection.3.3.7}{Porbeagle Shark}{subsection.3.3}% 16
\BOOKMARK [2][-]{subsection.3.4}{Conclusions}{section.3}% 17
\BOOKMARK [1][-]{section.4}{Observed Species Composition Indicator Analyses}{}% 18
\BOOKMARK [2][-]{subsection.4.1}{Introduction}{section.4}% 19
\BOOKMARK [2][-]{subsection.4.2}{Conclusions}{section.4}% 20
\BOOKMARK [1][-]{section.5}{Catch Per Unit Effort indicator analyses}{}% 21
\BOOKMARK [1][-]{section.6}{CPUE standardization methodology}{}% 22
\BOOKMARK [1][-]{section.7}{Biological indicator analyses}{}% 23
\BOOKMARK [2][-]{subsection.7.1}{Introduction}{section.7}% 24
\BOOKMARK [2][-]{subsection.7.2}{Methods}{section.7}% 25
\BOOKMARK [2][-]{subsection.7.3}{Results}{section.7}% 26
\BOOKMARK [3][-]{subsubsection.7.3.1}{Sex-ratio}{subsection.7.3}% 27
\BOOKMARK [3][-]{subsubsection.7.3.2}{Median length}{subsection.7.3}% 28
\BOOKMARK [3][-]{subsubsection.7.3.3}{Standarized length}{subsection.7.3}% 29
\BOOKMARK [2][-]{subsection.7.4}{Conclusions}{section.7}% 30
\BOOKMARK [1][-]{section.8}{Feasibility of Stock Assessments}{}% 31
\BOOKMARK [1][-]{section.9}{Impact of Recent Shark Management Measures}{}% 32
\BOOKMARK [1][-]{section.10}{Conclusions }{}% 33
\BOOKMARK [1][-]{section.11}{ Research Recommendations and Management Implications}{}% 34
\BOOKMARK [1][-]{section.12}{Appendices}{}% 35
\BOOKMARK [2][-]{subsection.12.1}{CPUE Indicators. Model diagnostics and extra plots}{section.12}% 36
\BOOKMARK [1][-]{section.13}{Tables}{}% 37
